This is pdfTeX, Version 3.141592653-2.6-1.40.22 (TeX Live 2022/dev/Debian) (preloaded format=pdflatex 2026.4.9)  7 MAY 2026 08:58
entering extended mode
 restricted \write18 enabled.
 %&-line parsing enabled.
**main.tex
(./main.tex
LaTeX2e <2021-11-15> patch level 1
L3 programming layer <2022-01-21> (./JFM-FLM_Au.cls

LaTeX Warning: You have requested document class `JFM-FLM_Au',
               but the document class provides `jfm'.

Document Class: jfm 2006/11/13 v1.27 Journal of Fluid Mechanics document class
\topsepi=\skip47
\topsepii=\skip48
\topsepiii=\skip49
\topsepiv=\skip50
\topsepv=\skip51
\topsepvi=\skip52
\topsepvii=\skip53
\topsepviii=\skip54
\topsepix=\skip55
\topsepx=\skip56
\itemsepi=\skip57
\itemsepii=\skip58
\itemsepiii=\skip59
\itemsepiv=\skip60
\itemsepv=\skip61
\itemsepvi=\skip62
\itemsepvii=\skip63
\itemsepviii=\skip64
\itemsepix=\skip65
\itemsepx=\skip66
\listtextleftmargin=\skip67
\listtextleftmarginii=\skip68
\listtextleftmarginiii=\skip69
\listtextleftmarginiv=\skip70
\listtextleftmarginv=\skip71
\listtextleftmarginvi=\skip72
\listtextleftmarginvii=\skip73
\listtextleftmarginviii=\skip74
\listtextleftmarginix=\skip75
\listtextleftmarginx=\skip76
\listtextrightmargin=\skip77
\listlabelleftskip=\skip78
\listlabelleftskipii=\skip79
\listlabelleftskipiii=\skip80
\listlabelleftskipiv=\skip81
\listlabelleftskipv=\skip82
\listlabelleftskipvi=\skip83
\listlabelleftskipvii=\skip84
\listlabelleftskipviii=\skip85
\listlabelleftskipix=\skip86
\listlabelleftskipx=\skip87
\abovelistskip=\skip88
\belowlistskip=\skip89
\abovelistskipi=\skip90
\belowlistskipi=\skip91
\abovelistskipii=\skip92
\belowlistskipii=\skip93
\abovelistskipiii=\skip94
\belowlistskipiii=\skip95
\abovelistskipiv=\skip96
\belowlistskipiv=\skip97
\abovelistskipv=\skip98
\belowlistskipv=\skip99
\abovelistskipvi=\skip100
\belowlistskipvi=\skip101
\abovelistskipvii=\skip102
\belowlistskipvii=\skip103
\abovelistskipviii=\skip104
\belowlistskipviii=\skip105
\abovelistskipix=\skip106
\belowlistskipix=\skip107
\abovelistskipx=\skip108
\belowlistskipx=\skip109
\labelsepi=\skip110
\labelsepii=\skip111
\labelsepiii=\skip112
\labelsepiv=\skip113
\labelsepv=\skip114
\labelsepvi=\skip115
\labelsepvii=\skip116
\labelsepviii=\skip117
\labelsepix=\skip118
\labelsepx=\skip119
\unnumlistitemindent=\skip120
\unnumlisttextskip=\skip121
\tempbox=\box50
\enumdim=\dimen138
\tempdimen=\dimen139
\LabelSep=\dimen140
\leftmarginvii=\dimen141
\leftmarginviii=\dimen142
\leftmarginix=\dimen143
\leftmarginx=\dimen144
\enumdimwd=\dimen145
\itemleftmargin=\dimen146
\itemlabelsep=\dimen147
(/usr/share/texlive/texmf-dist/tex/latex/graphics/graphicx.sty
Package: graphicx 2021/09/16 v1.2d Enhanced LaTeX Graphics (DPC,SPQR)

(/usr/share/texlive/texmf-dist/tex/latex/graphics/keyval.sty
Package: keyval 2014/10/28 v1.15 key=value parser (DPC)
\KV@toks@=\toks16
)
(/usr/share/texlive/texmf-dist/tex/latex/graphics/graphics.sty
Package: graphics 2021/03/04 v1.4d Standard LaTeX Graphics (DPC,SPQR)

(/usr/share/texlive/texmf-dist/tex/latex/graphics/trig.sty
Package: trig 2021/08/11 v1.11 sin cos tan (DPC)
)
(/usr/share/texlive/texmf-dist/tex/latex/graphics-cfg/graphics.cfg
File: graphics.cfg 2016/06/04 v1.11 sample graphics configuration
)
Package graphics Info: Driver file: pdftex.def on input line 107.

(/usr/share/texlive/texmf-dist/tex/latex/graphics-def/pdftex.def
File: pdftex.def 2020/10/05 v1.2a Graphics/color driver for pdftex
))
\Gin@req@height=\dimen148
\Gin@req@width=\dimen149
)
(/usr/share/texlive/texmf-dist/tex/latex/hyperref/hyperref.sty
Package: hyperref 2021-06-07 v7.00m Hypertext links for LaTeX

(/usr/share/texlive/texmf-dist/tex/generic/ltxcmds/ltxcmds.sty
Package: ltxcmds 2020-05-10 v1.25 LaTeX kernel commands for general use (HO)
)
(/usr/share/texlive/texmf-dist/tex/generic/iftex/iftex.sty
Package: iftex 2020/03/06 v1.0d TeX engine tests
)
(/usr/share/texlive/texmf-dist/tex/generic/pdftexcmds/pdftexcmds.sty
Package: pdftexcmds 2020-06-27 v0.33 Utility functions of pdfTeX for LuaTeX (HO
)

(/usr/share/texlive/texmf-dist/tex/generic/infwarerr/infwarerr.sty
Package: infwarerr 2019/12/03 v1.5 Providing info/warning/error messages (HO)
)
Package pdftexcmds Info: \pdf@primitive is available.
Package pdftexcmds Info: \pdf@ifprimitive is available.
Package pdftexcmds Info: \pdfdraftmode found.
)
(/usr/share/texlive/texmf-dist/tex/generic/kvsetkeys/kvsetkeys.sty
Package: kvsetkeys 2019/12/15 v1.18 Key value parser (HO)
)
(/usr/share/texlive/texmf-dist/tex/generic/kvdefinekeys/kvdefinekeys.sty
Package: kvdefinekeys 2019-12-19 v1.6 Define keys (HO)
)
(/usr/share/texlive/texmf-dist/tex/generic/pdfescape/pdfescape.sty
Package: pdfescape 2019/12/09 v1.15 Implements pdfTeX's escape features (HO)
)
(/usr/share/texlive/texmf-dist/tex/latex/hycolor/hycolor.sty
Package: hycolor 2020-01-27 v1.10 Color options for hyperref/bookmark (HO)
)
(/usr/share/texlive/texmf-dist/tex/latex/letltxmacro/letltxmacro.sty
Package: letltxmacro 2019/12/03 v1.6 Let assignment for LaTeX macros (HO)
)
(/usr/share/texlive/texmf-dist/tex/latex/auxhook/auxhook.sty
Package: auxhook 2019-12-17 v1.6 Hooks for auxiliary files (HO)
)
(/usr/share/texlive/texmf-dist/tex/latex/kvoptions/kvoptions.sty
Package: kvoptions 2020-10-07 v3.14 Key value format for package options (HO)
)
\@linkdim=\dimen150
\Hy@linkcounter=\count185
\Hy@pagecounter=\count186

(/usr/share/texlive/texmf-dist/tex/latex/hyperref/pd1enc.def
File: pd1enc.def 2021-06-07 v7.00m Hyperref: PDFDocEncoding definition (HO)
Now handling font encoding PD1 ...
... no UTF-8 mapping file for font encoding PD1
)
(/usr/share/texlive/texmf-dist/tex/latex/hyperref/hyperref-langpatches.def
File: hyperref-langpatches.def 2021-06-07 v7.00m Hyperref: patches for babel la
nguages
)
(/usr/share/texlive/texmf-dist/tex/generic/intcalc/intcalc.sty
Package: intcalc 2019/12/15 v1.3 Expandable calculations with integers (HO)
)
(/usr/share/texlive/texmf-dist/tex/generic/etexcmds/etexcmds.sty
Package: etexcmds 2019/12/15 v1.7 Avoid name clashes with e-TeX commands (HO)
)
\Hy@SavedSpaceFactor=\count187

(/usr/share/texlive/texmf-dist/tex/latex/hyperref/puenc.def
File: puenc.def 2021-06-07 v7.00m Hyperref: PDF Unicode definition (HO)
Now handling font encoding PU ...
... no UTF-8 mapping file for font encoding PU
)
Package hyperref Info: Hyper figures OFF on input line 4192.
Package hyperref Info: Link nesting OFF on input line 4197.
Package hyperref Info: Hyper index ON on input line 4200.
Package hyperref Info: Plain pages OFF on input line 4207.
Package hyperref Info: Backreferencing OFF on input line 4212.
Package hyperref Info: Implicit mode ON; LaTeX internals redefined.
Package hyperref Info: Bookmarks ON on input line 4445.
\c@Hy@tempcnt=\count188

(/usr/share/texlive/texmf-dist/tex/latex/url/url.sty
\Urlmuskip=\muskip16
Package: url 2013/09/16  ver 3.4  Verb mode for urls, etc.
)
LaTeX Info: Redefining \url on input line 4804.
\XeTeXLinkMargin=\dimen151

(/usr/share/texlive/texmf-dist/tex/generic/bitset/bitset.sty
Package: bitset 2019/12/09 v1.3 Handle bit-vector datatype (HO)

(/usr/share/texlive/texmf-dist/tex/generic/bigintcalc/bigintcalc.sty
Package: bigintcalc 2019/12/15 v1.5 Expandable calculations on big integers (HO
)
))
\Fld@menulength=\count189
\Field@Width=\dimen152
\Fld@charsize=\dimen153
Package hyperref Info: Hyper figures OFF on input line 6076.
Package hyperref Info: Link nesting OFF on input line 6081.
Package hyperref Info: Hyper index ON on input line 6084.
Package hyperref Info: backreferencing OFF on input line 6091.
Package hyperref Info: Link coloring OFF on input line 6096.
Package hyperref Info: Link coloring with OCG OFF on input line 6101.
Package hyperref Info: PDF/A mode OFF on input line 6106.
LaTeX Info: Redefining \ref on input line 6146.
LaTeX Info: Redefining \pageref on input line 6150.

(/usr/share/texlive/texmf-dist/tex/latex/base/atbegshi-ltx.sty
Package: atbegshi-ltx 2021/01/10 v1.0c Emulation of the original atbegshi
package with kernel methods
)

Package hyperref Warning: Option `pdfpagelabels' is turned off
(hyperref)                because \thepage is undefined.

\c@Item=\count190
\c@Hfootnote=\count191
)
Package hyperref Info: Driver (autodetected): hpdftex.
 (/usr/share/texlive/texmf-dist/tex/latex/hyperref/hpdftex.def
File: hpdftex.def 2021-06-07 v7.00m Hyperref driver for pdfTeX
\Fld@listcount=\count192
\c@bookmark@seq@number=\count193

(/usr/share/texlive/texmf-dist/tex/latex/rerunfilecheck/rerunfilecheck.sty
Package: rerunfilecheck 2019/12/05 v1.9 Rerun checks for auxiliary files (HO)

(/usr/share/texlive/texmf-dist/tex/latex/base/atveryend-ltx.sty
Package: atveryend-ltx 2020/08/19 v1.0a Emulation of the original atveryend pac
kage
with kernel methods
)
(/usr/share/texlive/texmf-dist/tex/generic/uniquecounter/uniquecounter.sty
Package: uniquecounter 2019/12/15 v1.4 Provide unlimited unique counter (HO)
)
Package uniquecounter Info: New unique counter `rerunfilecheck' on input line 2
86.
)
\Hy@SectionHShift=\skip122
)
Package hyperref Info: Option `colorlinks' set `true' on input line 153.

(/usr/share/texlive/texmf-dist/tex/latex/bookmark/bookmark.sty
Package: bookmark 2020-11-06 v1.29 PDF bookmarks (HO)

(/usr/share/texlive/texmf-dist/tex/latex/bookmark/bkm-pdftex.def
File: bkm-pdftex.def 2020-11-06 v1.29 bookmark driver for pdfTeX (HO)
\BKM@id=\count194
))
(/usr/share/texlive/texmf-dist/tex/latex/breakurl/breakurl.sty
Package: breakurl 2013/04/10 v1.40 Breakable hyperref URLs

(/usr/share/texlive/texmf-dist/tex/latex/xkeyval/xkeyval.sty
Package: xkeyval 2020/11/20 v2.8 package option processing (HA)

(/usr/share/texlive/texmf-dist/tex/generic/xkeyval/xkeyval.tex
(/usr/share/texlive/texmf-dist/tex/generic/xkeyval/xkvutils.tex
\XKV@toks=\toks17
\XKV@tempa@toks=\toks18
)
\XKV@depth=\count195
File: xkeyval.tex 2014/12/03 v2.7a key=value parser (HA)
))
(/usr/share/texlive/texmf-dist/tex/generic/iftex/ifpdf.sty
Package: ifpdf 2019/10/25 v3.4 ifpdf legacy package. Use iftex instead.
)

Package breakurl Warning: You are using breakurl while processing via pdflatex.

(breakurl)                \burl will be just a synonym of \url.
(breakurl)                 on input line 48.

) (/usr/share/texlive/texmf-dist/tex/latex/booktabs/booktabs.sty
Package: booktabs 2020/01/12 v1.61803398 Publication quality tables
\heavyrulewidth=\dimen154
\lightrulewidth=\dimen155
\cmidrulewidth=\dimen156
\belowrulesep=\dimen157
\belowbottomsep=\dimen158
\aboverulesep=\dimen159
\abovetopsep=\dimen160
\cmidrulesep=\dimen161
\cmidrulekern=\dimen162
\defaultaddspace=\dimen163
\@cmidla=\count196
\@cmidlb=\count197
\@aboverulesep=\dimen164
\@belowrulesep=\dimen165
\@thisruleclass=\count198
\@lastruleclass=\count199
\@thisrulewidth=\dimen166
)
(/usr/share/texlive/texmf-dist/tex/latex/colortbl/colortbl.sty
Package: colortbl 2020/01/04 v1.0e Color table columns (DPC)

(/usr/share/texlive/texmf-dist/tex/latex/tools/array.sty
Package: array 2021/10/04 v2.5f Tabular extension package (FMi)
\col@sep=\dimen167
\ar@mcellbox=\box51
\extrarowheight=\dimen168
\NC@list=\toks19
\extratabsurround=\skip123
\backup@length=\skip124
\ar@cellbox=\box52
)
(/usr/share/texlive/texmf-dist/tex/latex/graphics/color.sty
Package: color 2021/12/07 v1.3c Standard LaTeX Color (DPC)

(/usr/share/texlive/texmf-dist/tex/latex/graphics-cfg/color.cfg
File: color.cfg 2016/01/02 v1.6 sample color configuration
)
Package color Info: Driver file: pdftex.def on input line 149.
)
\everycr=\toks20
\minrowclearance=\skip125
)
(/usr/share/texlive/texmf-dist/tex/latex/algorithm2e/algorithm2e.sty
Package: algorithm2e 2017/07/18 v5.2 algorithms environments
\c@AlgoLine=\count266

(/usr/share/texlive/texmf-dist/tex/latex/base/ifthen.sty
Package: ifthen 2020/11/24 v1.1c Standard LaTeX ifthen package (DPC)
)
\algocf@hangindent=\skip126

(/usr/share/texlive/texmf-dist/tex/latex/ifoddpage/ifoddpage.sty
Package: ifoddpage 2016/04/23 v1.1 Conditionals for odd/even page detection
\c@checkoddpage=\count267
)
(/usr/share/texlive/texmf-dist/tex/latex/tools/xspace.sty
Package: xspace 2014/10/28 v1.13 Space after command names (DPC,MH)
)
(/usr/share/texlive/texmf-dist/tex/latex/relsize/relsize.sty
Package: relsize 2013/03/29 ver 4.1


Package relsize Warning: Failed to get list of defined font sizes.
(relsize)                Size scaling will attempt arbitrary sizes..

)
\skiptotal=\skip127
\skiplinenumber=\skip128
\skiprule=\skip129
\skiphlne=\skip130
\skiptext=\skip131
\skiplength=\skip132
\algomargin=\skip133
\skipalgocfslide=\skip134
\algowidth=\dimen169
\inoutsize=\dimen170
\inoutindent=\dimen171
\interspacetitleruled=\dimen172
\interspacealgoruled=\dimen173
\interspacetitleboxruled=\dimen174
\algocf@ruledwidth=\skip135
\algocf@inoutbox=\box53
\algocf@inputbox=\box54
\AlCapSkip=\skip136
\AlCapHSkip=\skip137
\algoskipindent=\skip138
\algocf@nlbox=\box55
\algocf@hangingbox=\box56
\algocf@untilbox=\box57
\algocf@skipuntil=\skip139
\algocf@capbox=\box58
\algocf@lcaptionbox=\skip140
\algoheightruledefault=\skip141
\algoheightrule=\skip142
\algotitleheightruledefault=\skip143
\algotitleheightrule=\skip144
\c@algocfline=\count268
\c@algocfproc=\count269
\c@algocf=\count270
\algocf@algoframe=\box59
\algocf@algobox=\box60
) (/usr/share/texlive/texmf-dist/tex/latex/tools/calc.sty
Package: calc 2017/05/25 v4.3 Infix arithmetic (KKT,FJ)
\calc@Acount=\count271
\calc@Bcount=\count272
\calc@Adimen=\dimen175
\calc@Bdimen=\dimen176
\calc@Askip=\skip145
\calc@Bskip=\skip146
LaTeX Info: Redefining \setlength on input line 80.
LaTeX Info: Redefining \addtolength on input line 81.
\calc@Ccount=\count273
\calc@Cskip=\skip147
)
(/usr/share/texlive/texmf-dist/tex/generic/soul/soul.sty
Package: soul 2003/11/17 v2.4 letterspacing/underlining (mf)
\SOUL@word=\toks21
\SOUL@lasttoken=\toks22
\SOUL@cmds=\toks23
\SOUL@buffer=\toks24
\SOUL@token=\toks25
\SOUL@spaceskip=\skip148
\SOUL@ttwidth=\dimen177
\SOUL@uldp=\dimen178
\SOUL@ulht=\dimen179
)
\trimwidthval=\dimen180
\trimwidthbleedval=\dimen181
\trimheightval=\dimen182
\trimheightbleedval=\dimen183
\trimwidth=\skip149
\trimheight=\skip150
\typewidth=\skip151
\typeheight=\skip152
LaTeX Info: Redefining \textsfbi on input line 326.
LaTeX Font Info:    Redeclaring math alphabet \mathsfbi on input line 326.
LaTeX Font Info:    Overwriting math alphabet `\mathsfbi' in version `normal'
(Font)                  OT1/cmss/m/sl --> T1/phv/b/it on input line 326.
LaTeX Font Info:    Overwriting math alphabet `\mathsfbi' in version `bold'
(Font)                  OT1/cmss/m/sl --> T1/phv/b/it on input line 326.
LaTeX Info: Redefining \textsfbi on input line 330.
LaTeX Font Info:    Redeclaring math alphabet \mathsfbi on input line 330.
LaTeX Font Info:    Overwriting math alphabet `\mathsfbi' in version `normal'
(Font)                  T1/phv/b/it --> OT1/phv/b/it on input line 330.
LaTeX Font Info:    Overwriting math alphabet `\mathsfbi' in version `bold'
(Font)                  T1/phv/b/it --> OT1/phv/b/it on input line 330.
\halflineskip=\skip153
\affilskip=\skip154

(/usr/share/texlive/texmf-dist/tex/latex/epstopdf-pkg/epstopdf.sty
Package: epstopdf 2020-01-24 v2.11 Conversion with epstopdf on the fly (HO)

(/usr/share/texlive/texmf-dist/tex/latex/grfext/grfext.sty
Package: grfext 2019/12/03 v1.3 Manage graphics extensions (HO)
)
(/usr/share/texlive/texmf-dist/tex/latex/epstopdf-pkg/epstopdf-base.sty
Package: epstopdf-base 2020-01-24 v2.11 Base part for package epstopdf
Package epstopdf-base Info: Redefining graphics rule for `.eps' on input line 4
85.
Package grfext Info: Graphics extension search list:
(grfext)             [.pdf,.png,.jpg,.mps,.jpeg,.jbig2,.jb2,.PDF,.PNG,.JPG,.JPE
G,.JBIG2,.JB2,.eps]
(grfext)             \AppendGraphicsExtensions on input line 504.

(/usr/share/texlive/texmf-dist/tex/latex/latexconfig/epstopdf-sys.cfg
File: epstopdf-sys.cfg 2010/07/13 v1.3 Configuration of (r)epstopdf for TeX Liv
e
)))
\c@part=\count274
\c@section=\count275
\c@subsection=\count276
\c@subsubsection=\count277
\c@paragraph=\count278
\c@refsection=\count279
\@indentskip=\skip155
\smallindent=\skip156
\@footindent=\skip157
\@leftskip=\skip158
\c@enumv=\count280
\c@enumvi=\count281
\c@enumvii=\count282
\c@enumviii=\count283
\c@enumix=\count284
\c@enumx=\count285
\@stequation=\toks26
\c@subequation=\count286

(/usr/share/texlive/texmf-dist/tex/latex/caption/caption.sty
Package: caption 2020/10/26 v3.5g Customizing captions (AR)

(/usr/share/texlive/texmf-dist/tex/latex/caption/caption3.sty
Package: caption3 2020/10/21 v2.2e caption3 kernel (AR)
\captionmargin=\dimen184
\captionmargin@=\dimen185
\captionwidth=\dimen186
\caption@tempdima=\dimen187
\caption@indent=\dimen188
\caption@parindent=\dimen189
\caption@hangindent=\dimen190
\abovecaptionskip=\skip159
\belowcaptionskip=\skip160
Package caption Info: Unknown document class (or package),
(caption)             standard defaults will be used.
Package caption Info: \@makecaption = \long macro:#1#2->\relax  on input line 1
139.
)

Package caption Warning: Unknown document class (or package),
(caption)                standard defaults will be used.
See the caption package documentation for explanation.

\c@caption@flags=\count287
\c@continuedfloat=\count288
Package caption Info: hyperref package is loaded.
)
\c@table=\count289
\c@figure=\count290
LaTeX Info: Redefining \cite on input line 1973.
\astrutbox=\box61


Found the 'amsbsy' package on the system, using it.

(/usr/share/texlive/texmf-dist/tex/latex/amsmath/amsbsy.sty
Package: amsbsy 1999/11/29 v1.2d Bold Symbols

(/usr/share/texlive/texmf-dist/tex/latex/amsmath/amsgen.sty
File: amsgen.sty 1999/11/30 v2.0 generic functions
\@emptytoks=\toks27
\ex@=\dimen191
)
\pmbraise@=\dimen192
)


Found AMS Euler Roman fonts on the system, but you dont seem to have the
'upmath' package installed. JFM.cls can take advantage of these fonts,
if you use 'upmath' package.




Found AMS Symbol fonts on the system, using the 'amssymb' package.

(/usr/share/texlive/texmf-dist/tex/latex/amsfonts/amssymb.sty
Package: amssymb 2013/01/14 v3.01 AMS font symbols

(/usr/share/texlive/texmf-dist/tex/latex/amsfonts/amsfonts.sty
Package: amsfonts 2013/01/14 v3.01 Basic AMSFonts support
\symAMSa=\mathgroup4
\symAMSb=\mathgroup5
LaTeX Font Info:    Redeclaring math symbol \hbar on input line 98.
LaTeX Font Info:    Overwriting math alphabet `\mathfrak' in version `bold'
(Font)                  U/euf/m/n --> U/euf/b/n on input line 106.
))
(/usr/share/texlive/texmf-dist/tex/latex/newtx/newtxtext.sty
Package: newtxtext 2022/01/11 v1.705(Michael Sharpe) latex and unicode latex su
pport for TeXGyreTermesX

`newtxtext' v1.705, 2022/01/11 Text macros taking advantage of TeXGyre Termes a
nd its extensions (msharpe)
(/usr/share/texlive/texmf-dist/tex/latex/base/fontenc.sty
Package: fontenc 2021/04/29 v2.0v Standard LaTeX package
)
(/usr/share/texlive/texmf-dist/tex/generic/iftex/ifxetex.sty
Package: ifxetex 2019/10/25 v0.7 ifxetex legacy package. Use iftex instead.
)
(/usr/share/texlive/texmf-dist/tex/generic/iftex/ifluatex.sty
Package: ifluatex 2019/10/25 v1.5 ifluatex legacy package. Use iftex instead.
)
(/usr/share/texlive/texmf-dist/tex/latex/etoolbox/etoolbox.sty
Package: etoolbox 2020/10/05 v2.5k e-TeX tools for LaTeX (JAW)
\etb@tempcnta=\count291
)
(/usr/share/texlive/texmf-dist/tex/latex/base/textcomp.sty
Package: textcomp 2020/02/02 v2.0n Standard LaTeX package
)
(/usr/share/texlive/texmf-dist/tex/generic/xstring/xstring.sty
(/usr/share/texlive/texmf-dist/tex/generic/xstring/xstring.tex
\integerpart=\count292
\decimalpart=\count293
)
Package: xstring 2021/07/21 v1.84 String manipulations (CT)
)
(/usr/share/texlive/texmf-dist/tex/latex/carlisle/scalefnt.sty)
LaTeX Font Info:    Setting ntxLF sub-encoding to TS1/0 on input line 27.
LaTeX Font Info:    Setting ntxTLF sub-encoding to TS1/0 on input line 27.
LaTeX Font Info:    Setting ntxOsF sub-encoding to TS1/0 on input line 27.
LaTeX Font Info:    Setting ntxTOsF sub-encoding to TS1/0 on input line 27.

(/usr/share/texlive/texmf-dist/tex/generic/kastrup/binhex.tex)
\ntx@tmpcnta=\count294
\ntx@cnt=\count295

(/usr/share/texlive/texmf-dist/tex/latex/fontaxes/fontaxes.sty
Package: fontaxes 2020/07/21 v1.0e Font selection axes
LaTeX Info: Redefining \upshape on input line 29.
LaTeX Info: Redefining \itshape on input line 31.
LaTeX Info: Redefining \slshape on input line 33.
LaTeX Info: Redefining \swshape on input line 35.
LaTeX Info: Redefining \scshape on input line 37.
LaTeX Info: Redefining \sscshape on input line 39.
LaTeX Info: Redefining \ulcshape on input line 41.
LaTeX Info: Redefining \textsw on input line 47.
LaTeX Info: Redefining \textssc on input line 48.
LaTeX Info: Redefining \textulc on input line 49.
)
LaTeX Info: Redefining \textsu on input line 541.
LaTeX Info: Redefining \oldstylenums on input line 631.
)
(/usr/share/texlive/texmf-dist/tex/latex/newtx/newtxmath.sty
Package: newtxmath 2021/12/18 v1.7

`newtxmath' v1.7, 2021/12/18 Math macros based originally on txfonts (msharpe)
(/usr/share/texlive/texmf-dist/tex/latex/amsmath/amsmath.sty
Package: amsmath 2021/10/15 v2.17l AMS math features
\@mathmargin=\skip161

For additional information on amsmath, use the `?' option.
(/usr/share/texlive/texmf-dist/tex/latex/amsmath/amstext.sty
Package: amstext 2021/08/26 v2.01 AMS text
)
(/usr/share/texlive/texmf-dist/tex/latex/amsmath/amsopn.sty
Package: amsopn 2021/08/26 v2.02 operator names
)
\inf@bad=\count296
LaTeX Info: Redefining \frac on input line 234.
\uproot@=\count297
\leftroot@=\count298
LaTeX Info: Redefining \overline on input line 399.
\classnum@=\count299
\DOTSCASE@=\count300
LaTeX Info: Redefining \ldots on input line 496.
LaTeX Info: Redefining \dots on input line 499.
LaTeX Info: Redefining \cdots on input line 620.
\Mathstrutbox@=\box62
\strutbox@=\box63
\big@size=\dimen193
LaTeX Font Info:    Redeclaring font encoding OML on input line 743.
LaTeX Font Info:    Redeclaring font encoding OMS on input line 744.
\macc@depth=\count301
\c@MaxMatrixCols=\count302
\dotsspace@=\muskip17
\c@parentequation=\count303
\dspbrk@lvl=\count304
\tag@help=\toks28
\row@=\count305
\column@=\count306
\maxfields@=\count307
\andhelp@=\toks29
\eqnshift@=\dimen194
\alignsep@=\dimen195
\tagshift@=\dimen196
\tagwidth@=\dimen197
\totwidth@=\dimen198
\lineht@=\dimen199
\@envbody=\toks30
\multlinegap=\skip162
\multlinetaggap=\skip163
\mathdisplay@stack=\toks31
LaTeX Info: Redefining \[ on input line 2938.
LaTeX Info: Redefining \] on input line 2939.
)
(/usr/share/texlive/texmf-dist/tex/latex/oberdiek/centernot.sty
Package: centernot 2016/05/16 v1.4 Centers the not symbol horizontally (HO)
)
\tx@cntz=\count308

(/usr/share/texlive/texmf-dist/tex/generic/kastrup/binhex.tex)
\tx@Isdigit=\count309
\tx@IsAlNum=\count310
\tx@tA=\toks32
\tx@tB=\toks33
\tx@su=\read2

amsthm NOT loaded
LaTeX Font Info:    Redeclaring symbol font `operators' on input line 373.
LaTeX Font Info:    Overwriting symbol font `operators' in version `normal'
(Font)                  OT1/cmr/m/n --> OT1/ntxtlf/m/n on input line 373.
LaTeX Font Info:    Overwriting symbol font `operators' in version `bold'
(Font)                  OT1/cmr/bx/n --> OT1/ntxtlf/m/n on input line 373.
LaTeX Font Info:    Overwriting symbol font `operators' in version `bold'
(Font)                  OT1/ntxtlf/m/n --> OT1/ntxtlf/b/n on input line 374.
LaTeX Font Info:    Redeclaring math alphabet \mathsf on input line 380.
LaTeX Font Info:    Overwriting math alphabet `\mathsf' in version `normal'
(Font)                  OT1/cmss/m/n --> T1/qhv/m/n on input line 380.
LaTeX Font Info:    Overwriting math alphabet `\mathsf' in version `bold'
(Font)                  OT1/cmss/bx/n --> T1/qhv/m/n on input line 380.
LaTeX Font Info:    Redeclaring math alphabet \mathit on input line 381.
LaTeX Font Info:    Overwriting math alphabet `\mathit' in version `normal'
(Font)                  OT1/cmr/m/it --> OT1/ntxtlf/m/it on input line 381.
LaTeX Font Info:    Overwriting math alphabet `\mathit' in version `bold'
(Font)                  OT1/cmr/bx/it --> OT1/ntxtlf/m/it on input line 381.
LaTeX Font Info:    Redeclaring math alphabet \mathtt on input line 382.
LaTeX Font Info:    Overwriting math alphabet `\mathtt' in version `normal'
(Font)                  OT1/cmtt/m/n --> T1/ntxtt/m/n on input line 382.
LaTeX Font Info:    Overwriting math alphabet `\mathtt' in version `bold'
(Font)                  OT1/cmtt/m/n --> T1/ntxtt/m/n on input line 382.
LaTeX Font Info:    Redeclaring math alphabet \mathbf on input line 384.
LaTeX Font Info:    Overwriting math alphabet `\mathbf' in version `normal'
(Font)                  OT1/cmr/bx/n --> OT1/ntxtlf/b/n on input line 384.
LaTeX Font Info:    Overwriting math alphabet `\mathbf' in version `bold'
(Font)                  OT1/cmr/bx/n --> OT1/ntxtlf/b/n on input line 384.
LaTeX Font Info:    Overwriting math alphabet `\mathit' in version `bold'
(Font)                  OT1/ntxtlf/m/it --> OT1/ntxtlf/b/it on input line 385.
LaTeX Font Info:    Overwriting math alphabet `\mathsf' in version `bold'
(Font)                  T1/qhv/m/n --> T1/qhv/b/n on input line 386.
LaTeX Font Info:    Overwriting math alphabet `\mathtt' in version `bold'
(Font)                  T1/ntxtt/m/n --> T1/ntxtt/b/n on input line 387.
LaTeX Font Info:    Redeclaring symbol font `letters' on input line 488.
LaTeX Font Info:    Overwriting symbol font `letters' in version `normal'
(Font)                  OML/cmm/m/it --> OML/ntxmi/m/it on input line 488.
LaTeX Font Info:    Overwriting symbol font `letters' in version `bold'
(Font)                  OML/cmm/b/it --> OML/ntxmi/m/it on input line 488.
LaTeX Font Info:    Overwriting symbol font `letters' in version `bold'
(Font)                  OML/ntxmi/m/it --> OML/ntxmi/b/it on input line 489.
\symlettersA=\mathgroup6
LaTeX Font Info:    Overwriting symbol font `lettersA' in version `bold'
(Font)                  U/ntxmia/m/it --> U/ntxmia/b/it on input line 544.
LaTeX Font Info:    Redeclaring math alphabet \mathfrak on input line 546.
Now handling font encoding LMS ...
... no UTF-8 mapping file for font encoding LMS
LaTeX Font Info:    Redeclaring symbol font `symbols' on input line 565.
LaTeX Font Info:    Encoding `OMS' has changed to `LMS' for symbol font
(Font)              `symbols' in the math version `normal' on input line 565.
LaTeX Font Info:    Overwriting symbol font `symbols' in version `normal'
(Font)                  OMS/cmsy/m/n --> LMS/ntxsy/m/n on input line 565.
LaTeX Font Info:    Encoding `OMS' has changed to `LMS' for symbol font
(Font)              `symbols' in the math version `bold' on input line 565.
LaTeX Font Info:    Overwriting symbol font `symbols' in version `bold'
(Font)                  OMS/cmsy/b/n --> LMS/ntxsy/m/n on input line 565.
LaTeX Font Info:    Overwriting symbol font `symbols' in version `bold'
(Font)                  LMS/ntxsy/m/n --> LMS/ntxsy/b/n on input line 566.
\symAMSm=\mathgroup7
LaTeX Font Info:    Overwriting symbol font `AMSm' in version `bold'
(Font)                  U/ntxsym/m/n --> U/ntxsym/b/n on input line 591.
\symsymbolsC=\mathgroup8
LaTeX Font Info:    Overwriting symbol font `symbolsC' in version `bold'
(Font)                  U/ntxsyc/m/n --> U/ntxsyc/b/n on input line 612.
Now handling font encoding LMX ...
... no UTF-8 mapping file for font encoding LMX
LaTeX Font Info:    Redeclaring symbol font `largesymbols' on input line 625.
LaTeX Font Info:    Encoding `OMX' has changed to `LMX' for symbol font
(Font)              `largesymbols' in the math version `normal' on input line 6
25.
LaTeX Font Info:    Overwriting symbol font `largesymbols' in version `normal'
(Font)                  OMX/cmex/m/n --> LMX/ntxexx/m/n on input line 625.
LaTeX Font Info:    Encoding `OMX' has changed to `LMX' for symbol font
(Font)              `largesymbols' in the math version `bold' on input line 625
.
LaTeX Font Info:    Overwriting symbol font `largesymbols' in version `bold'
(Font)                  OMX/cmex/m/n --> LMX/ntxexx/m/n on input line 625.
LaTeX Font Info:    Overwriting symbol font `largesymbols' in version `bold'
(Font)                  LMX/ntxexx/m/n --> LMX/ntxexx/b/n on input line 626.
\symlargesymbolsTXA=\mathgroup9
LaTeX Font Info:    Overwriting symbol font `largesymbolsTXA' in version `bold'

(Font)                  U/ntxexa/m/n --> U/ntxexa/b/n on input line 640.
\tx@sbptoks=\toks34
LaTeX Font Info:    Redeclaring math delimiter \lfloor on input line 863.
LaTeX Font Info:    Redeclaring math delimiter \rfloor on input line 864.
LaTeX Font Info:    Redeclaring math delimiter \lceil on input line 865.
LaTeX Font Info:    Redeclaring math delimiter \rceil on input line 866.
LaTeX Font Info:    Redeclaring math delimiter \lbrace on input line 867.
LaTeX Font Info:    Redeclaring math delimiter \rbrace on input line 868.
LaTeX Font Info:    Redeclaring math delimiter \langle on input line 869.
LaTeX Font Info:    Redeclaring math delimiter \rangle on input line 871.
LaTeX Font Info:    Redeclaring math delimiter \arrowvert on input line 875.
LaTeX Font Info:    Redeclaring math delimiter \vert on input line 876.
LaTeX Font Info:    Redeclaring math accent \dot on input line 947.
LaTeX Font Info:    Redeclaring math accent \ddot on input line 948.
LaTeX Font Info:    Redeclaring math accent \vec on input line 2017.
LaTeX Info: Redefining \Bbbk on input line 2807.
LaTeX Info: Redefining \not on input line 2956.
) (/usr/share/texlive/texmf-dist/tex/latex/natbib/natbib.sty
Package: natbib 2010/09/13 8.31b (PWD, AO)
\bibhang=\skip164
\bibsep=\skip165
LaTeX Info: Redefining \cite on input line 694.
\c@NAT@ctr=\count311
))
(/usr/share/texlive/texmf-dist/tex/latex/was/upgreek.sty
Package: upgreek 2003/02/12 v2.0 (WaS)
Package upgreek Info: Using Euler Roman for upright Greek on input line 31.
\symugrf@m=\mathgroup10
LaTeX Font Info:    Overwriting symbol font `ugrf@m' in version `bold'
(Font)                  U/eur/m/n --> U/eur/b/n on input line 38.
LaTeX Font Info:    Redeclaring math symbol \upalpha on input line 40.
LaTeX Font Info:    Redeclaring math symbol \upbeta on input line 41.
LaTeX Font Info:    Redeclaring math symbol \upgamma on input line 42.
LaTeX Font Info:    Redeclaring math symbol \updelta on input line 43.
LaTeX Font Info:    Redeclaring math symbol \upepsilon on input line 44.
LaTeX Font Info:    Redeclaring math symbol \upzeta on input line 45.
LaTeX Font Info:    Redeclaring math symbol \upeta on input line 46.
LaTeX Font Info:    Redeclaring math symbol \uptheta on input line 47.
LaTeX Font Info:    Redeclaring math symbol \upiota on input line 48.
LaTeX Font Info:    Redeclaring math symbol \upkappa on input line 49.
LaTeX Font Info:    Redeclaring math symbol \uplambda on input line 50.
LaTeX Font Info:    Redeclaring math symbol \upmu on input line 51.
LaTeX Font Info:    Redeclaring math symbol \upnu on input line 52.
LaTeX Font Info:    Redeclaring math symbol \upxi on input line 53.
LaTeX Font Info:    Redeclaring math symbol \uprho on input line 55.
LaTeX Font Info:    Redeclaring math symbol \upsigma on input line 56.
LaTeX Font Info:    Redeclaring math symbol \uptau on input line 57.
LaTeX Font Info:    Redeclaring math symbol \upupsilon on input line 58.
LaTeX Font Info:    Redeclaring math symbol \upphi on input line 59.
LaTeX Font Info:    Redeclaring math symbol \upchi on input line 60.
LaTeX Font Info:    Redeclaring math symbol \uppsi on input line 61.
LaTeX Font Info:    Redeclaring math symbol \upomega on input line 62.
LaTeX Font Info:    Redeclaring math symbol \upvarepsilon on input line 63.
LaTeX Font Info:    Redeclaring math symbol \upvartheta on input line 64.
LaTeX Font Info:    Redeclaring math symbol \upvarpi on input line 65.
LaTeX Font Info:    Redeclaring math symbol \upvarphi on input line 68.
)
(/usr/share/texlive/texmf-dist/tex/latex/tools/bm.sty
Package: bm 2021/04/25 v1.2e Bold Symbol Support (DPC/FMi)
\symboldoperators=\mathgroup11
\symboldletters=\mathgroup12
\symboldsymbols=\mathgroup13
\symboldlargesymbols=\mathgroup14
Package bm Info: No bold for \U/msa/m/n, using \pmb.
Package bm Info: No bold for \U/msb/m/n, using \pmb.
LaTeX Font Info:    Redeclaring math alphabet \mathbf on input line 149.
)
(/usr/share/texlive/texmf-dist/tex/latex/mathtools/mathtools.sty
Package: mathtools 2021/02/02 v1.28 mathematical typesetting tools

(/usr/share/texlive/texmf-dist/tex/latex/mathtools/mhsetup.sty
Package: mhsetup 2021/03/18 v1.4 programming setup (MH)
)
\g_MT_multlinerow_int=\count312
\l_MT_multwidth_dim=\dimen256
\origjot=\skip166
\l_MT_shortvdotswithinadjustabove_dim=\dimen257
\l_MT_shortvdotswithinadjustbelow_dim=\dimen258
\l_MT_above_intertext_sep=\dimen259
\l_MT_below_intertext_sep=\dimen260
\l_MT_above_shortintertext_sep=\dimen261
\l_MT_below_shortintertext_sep=\dimen262
\xmathstrut@box=\box64
\xmathstrut@dim=\dimen263
)
LaTeX Font Info:    Trying to load font information for T1+ntxtlf on input line
 21.

(/usr/share/texlive/texmf-dist/tex/latex/newtx/t1ntxtlf.fd
File: t1ntxtlf.fd 2021/05/24 v1.1 font definition file for T1/ntx/tlf
)
LaTeX Font Info:    Font shape `T1/ntxtlf/m/n' will be
(Font)              scaled to size 10.74011pt on input line 21.

(/usr/share/texlive/texmf-dist/tex/latex/l3backend/l3backend-pdftex.def
File: l3backend-pdftex.def 2022-01-12 L3 backend support: PDF output (pdfTeX)
\l__color_backend_stack_int=\count313
\l__pdf_internal_box=\box65
)
(./main.aux)
\openout1 = `main.aux'.

LaTeX Font Info:    Checking defaults for OML/ntxmi/m/it on input line 21.
LaTeX Font Info:    Trying to load font information for OML+ntxmi on input line
 21.
 (/usr/share/texlive/texmf-dist/tex/latex/newtx/omlntxmi.fd
File: omlntxmi.fd 2015/08/25 Fontinst v1.933 font definitions for OML/ntxmi.
)
LaTeX Font Info:    ... okay on input line 21.
LaTeX Font Info:    Checking defaults for OMS/cmsy/m/n on input line 21.
LaTeX Font Info:    ... okay on input line 21.
LaTeX Font Info:    Checking defaults for OT1/cmr/m/n on input line 21.
LaTeX Font Info:    ... okay on input line 21.
LaTeX Font Info:    Checking defaults for T1/cmr/m/n on input line 21.
LaTeX Font Info:    ... okay on input line 21.
LaTeX Font Info:    Checking defaults for TS1/cmr/m/n on input line 21.
LaTeX Font Info:    ... okay on input line 21.
LaTeX Font Info:    Checking defaults for OMX/cmex/m/n on input line 21.
LaTeX Font Info:    ... okay on input line 21.
LaTeX Font Info:    Checking defaults for U/ntxexa/m/n on input line 21.
LaTeX Font Info:    Trying to load font information for U+ntxexa on input line 
21.

(/usr/share/texlive/texmf-dist/tex/latex/newtx/untxexa.fd
File: untxexa.fd 2012/04/16 Fontinst v1.933 font definitions for U/ntxexa.
)
LaTeX Font Info:    ... okay on input line 21.
LaTeX Font Info:    Checking defaults for PD1/pdf/m/n on input line 21.
LaTeX Font Info:    ... okay on input line 21.
LaTeX Font Info:    Checking defaults for PU/pdf/m/n on input line 21.
LaTeX Font Info:    ... okay on input line 21.
LaTeX Font Info:    Checking defaults for LMS/ntxsy/m/n on input line 21.
LaTeX Font Info:    Trying to load font information for LMS+ntxsy on input line
 21.

(/usr/share/texlive/texmf-dist/tex/latex/newtx/lmsntxsy.fd
File: lmsntxsy.fd 2016/07/02 Fontinst v1.933 font definitions for LMS/ntxsy.
)
LaTeX Font Info:    ... okay on input line 21.
LaTeX Font Info:    Checking defaults for LMX/ntxexx/m/n on input line 21.
LaTeX Font Info:    Trying to load font information for LMX+ntxexx on input lin
e 21.

(/usr/share/texlive/texmf-dist/tex/latex/newtx/lmxntxexx.fd
File: lmxntxexx.fd 2016/07/03 Fontinst v1.933 font definitions for LMX/ntxexx.
)
LaTeX Font Info:    ... okay on input line 21.

(/usr/share/texlive/texmf-dist/tex/context/base/mkii/supp-pdf.mkii
[Loading MPS to PDF converter (version 2006.09.02).]
\scratchcounter=\count314
\scratchdimen=\dimen264
\scratchbox=\box66
\nofMPsegments=\count315
\nofMParguments=\count316
\everyMPshowfont=\toks35
\MPscratchCnt=\count317
\MPscratchDim=\dimen265
\MPnumerator=\count318
\makeMPintoPDFobject=\count319
\everyMPtoPDFconversion=\toks36
)

Package hyperref Warning: Height of page (\paperheight) is invalid (0.0pt),
(hyperref)                using 11in.

Package hyperref Info: Link coloring ON on input line 21.
(/usr/share/texlive/texmf-dist/tex/latex/hyperref/nameref.sty
Package: nameref 2021-04-02 v2.47 Cross-referencing by name of section

(/usr/share/texlive/texmf-dist/tex/latex/refcount/refcount.sty
Package: refcount 2019/12/15 v3.6 Data extraction from label references (HO)
)
(/usr/share/texlive/texmf-dist/tex/generic/gettitlestring/gettitlestring.sty
Package: gettitlestring 2019/12/15 v1.6 Cleanup title references (HO)
)
\c@section@level=\count320
)
LaTeX Info: Redefining \ref on input line 21.
LaTeX Info: Redefining \pageref on input line 21.
LaTeX Info: Redefining \nameref on input line 21.

(./lineno-FLM.sty (/usr/share/texlive/texmf-dist/tex/latex/lineno/lineno.sty
Package: lineno 2005/11/02 line numbers on paragraphs v4.41
\linenopenalty=\count321
\output=\toks37
\linenoprevgraf=\count322
\linenumbersep=\dimen266
\linenumberwidth=\dimen267
\c@linenumber=\count323
\c@pagewiselinenumber=\count324
\c@LN@truepage=\count325
\c@internallinenumber=\count326
\c@internallinenumbers=\count327
\quotelinenumbersep=\dimen268
\bframerule=\dimen269
\bframesep=\dimen270
\bframebox=\box67
LaTeX Info: Redefining \\ on input line 3056.
))
Package caption Info: Begin \AtBeginDocument code.
Package caption Info: End \AtBeginDocument code.
\c@mv@tabular=\count328
\c@mv@boldtabular=\count329
LaTeX Font Info:    Font shape `T1/ntxtlf/b/n' will be
(Font)              scaled to size 17.06374pt on input line 23.
LaTeX Font Info:    Font shape `T1/ntxtlf/m/n' will be
(Font)              scaled to size 17.06374pt on input line 23.
LaTeX Font Info:    Font shape `T1/ntxtlf/m/n' will be
(Font)              scaled to size 8.0pt on input line 23.
LaTeX Font Info:    Font shape `T1/ntxtlf/m/n' will be
(Font)              scaled to size 10.53937pt on input line 23.
LaTeX Font Info:    Font shape `T1/ntxtlf/b/n' will be
(Font)              scaled to size 10.53937pt on input line 23.
LaTeX Font Info:    Calculating math sizes for size <10.53937> on input line 23
.
LaTeX Font Info:    Trying to load font information for OT1+ntxtlf on input lin
e 23.

(/usr/share/texlive/texmf-dist/tex/latex/newtx/ot1ntxtlf.fd
File: ot1ntxtlf.fd 2021/05/24 v1.0 font definition file for OT1/ntx/tlf
)
LaTeX Font Info:    Font shape `OT1/ntxtlf/m/n' will be
(Font)              scaled to size 10.53937pt on input line 23.
LaTeX Font Info:    Font shape `OT1/ntxtlf/m/n' will be
(Font)              scaled to size 7.69368pt on input line 23.
LaTeX Font Info:    Font shape `OT1/ntxtlf/m/n' will be
(Font)              scaled to size 5.79668pt on input line 23.
LaTeX Font Info:    Trying to load font information for U+msa on input line 23.


(/usr/share/texlive/texmf-dist/tex/latex/amsfonts/umsa.fd
File: umsa.fd 2013/01/14 v3.01 AMS symbols A
)
LaTeX Font Info:    Trying to load font information for U+msb on input line 23.


(/usr/share/texlive/texmf-dist/tex/latex/amsfonts/umsb.fd
File: umsb.fd 2013/01/14 v3.01 AMS symbols B
)
LaTeX Font Info:    Trying to load font information for U+ntxmia on input line 
23.

(/usr/share/texlive/texmf-dist/tex/latex/newtx/untxmia.fd
File: untxmia.fd 2018/04/14 Fontinst v1.933 font definitions for U/ntxmia.
)
LaTeX Font Info:    Trying to load font information for U+ntxsym on input line 
23.

(/usr/share/texlive/texmf-dist/tex/latex/newtx/untxsym.fd
File: untxsym.fd 2015/03/20 Fontinst v1.933 font definitions for U/ntxsym.
)
LaTeX Font Info:    Trying to load font information for U+ntxsyc on input line 
23.

(/usr/share/texlive/texmf-dist/tex/latex/newtx/untxsyc.fd
File: untxsyc.fd 2012/04/12 Fontinst v1.933 font definitions for U/ntxsyc.
)
LaTeX Font Info:    Font shape `OT1/ntxtlf/b/n' will be
(Font)              scaled to size 10.53937pt on input line 23.
LaTeX Font Info:    Font shape `OT1/ntxtlf/b/n' will be
(Font)              scaled to size 7.69368pt on input line 23.
LaTeX Font Info:    Font shape `OT1/ntxtlf/b/n' will be
(Font)              scaled to size 5.79668pt on input line 23.
LaTeX Font Info:    Font shape `T1/ntxtlf/b/n' will be
(Font)              scaled to size 7.69368pt on input line 23.
LaTeX Font Info:    Font shape `T1/ntxtlf/m/n' will be
(Font)              scaled to size 9.0pt on input line 23.
LaTeX Font Info:    Font shape `OT1/ntxtlf/m/n' will be
(Font)              scaled to size 9.0pt on input line 23.
LaTeX Font Info:    Font shape `OT1/ntxtlf/m/n' will be
(Font)              scaled to size 7.3pt on input line 23.
LaTeX Font Info:    Font shape `OT1/ntxtlf/m/n' will be
(Font)              scaled to size 5.5pt on input line 23.
LaTeX Font Info:    Font shape `OT1/ntxtlf/b/n' will be
(Font)              scaled to size 9.0pt on input line 23.
LaTeX Font Info:    Font shape `OT1/ntxtlf/b/n' will be
(Font)              scaled to size 7.3pt on input line 23.
LaTeX Font Info:    Font shape `OT1/ntxtlf/b/n' will be
(Font)              scaled to size 5.5pt on input line 23.
LaTeX Font Info:    Font shape `T1/ntxtlf/m/n' will be
(Font)              scaled to size 7.3pt on input line 23.
LaTeX Font Info:    Font shape `T1/ntxtlf/b/n' will be
(Font)              scaled to size 9.0pt on input line 23.
LaTeX Font Info:    Font shape `T1/ntxtlf/m/n' will be
(Font)              scaled to size 10.0pt on input line 29.
LaTeX Font Info:    Font shape `T1/ntxtlf/b/n' will be
(Font)              scaled to size 10.0pt on input line 29.
LaTeX Font Info:    Font shape `T1/ntxtlf/m/n' will be
(Font)              scaled to size 10.04pt on input line 33.
LaTeX Font Info:    Font shape `T1/ntxtlf/b/n' will be
(Font)              scaled to size 10.04pt on input line 33.
LaTeX Font Info:    Font shape `T1/ntxtlf/m/it' will be
(Font)              scaled to size 10.74011pt on input line 35.
LaTeX Font Info:    Font shape `T1/ntxtlf/m/n' will be
(Font)              scaled to size 8.5pt on input line 36.
LaTeX Font Info:    Font shape `T1/ntxtlf/m/it' will be
(Font)              scaled to size 8.5pt on input line 36.

Underfull \hbox (badness 10000) has occurred while \output is active

 []

LaTeX Font Info:    Calculating math sizes for size <10.74011> on input line 36
.
LaTeX Font Info:    Font shape `OT1/ntxtlf/m/n' will be
(Font)              scaled to size 10.74011pt on input line 36.
LaTeX Font Info:    Font shape `OT1/ntxtlf/m/n' will be
(Font)              scaled to size 7.84023pt on input line 36.
LaTeX Font Info:    Font shape `OT1/ntxtlf/m/n' will be
(Font)              scaled to size 5.90709pt on input line 36.
LaTeX Font Info:    Font shape `OT1/ntxtlf/b/n' will be
(Font)              scaled to size 10.74011pt on input line 36.
LaTeX Font Info:    Font shape `OT1/ntxtlf/b/n' will be
(Font)              scaled to size 7.84023pt on input line 36.
LaTeX Font Info:    Font shape `OT1/ntxtlf/b/n' will be
(Font)              scaled to size 5.90709pt on input line 36.

Overfull \hbox (1.0pt too wide) has occurred while \output is active
[]
 []


Overfull \vbox (33.95294pt too high) has occurred while \output is active []

LaTeX Font Info:    Font shape `T1/ntxtlf/m/n' will be
(Font)              scaled to size 10.24pt on input line 36.
LaTeX Font Info:    Font shape `T1/ntxtlf/b/n' will be
(Font)              scaled to size 10.24pt on input line 36.
LaTeX Font Info:    Font shape `T1/ntxtlf/b/n' will be
(Font)              scaled to size 12.0pt on input line 36.

[1{/var/lib/texmf/fonts/map/pdftex/updmap/pdftex.map}
Non-PDF special ignored!
<special> papersize=174mm,247mm
]
<shear_thin_rheo.png, id=40, 991.20313pt x 703.62875pt>
File: shear_thin_rheo.png Graphic file (type png)
<use shear_thin_rheo.png>
Package pdftex.def Info: shear_thin_rheo.png  used on input line 50.
(pdftex.def)             Requested size: 172.79883pt x 122.66446pt.
<shear_thick_rheo.png, id=42, 986.68625pt x 700.6175pt>
File: shear_thick_rheo.png Graphic file (type png)
<use shear_thick_rheo.png>
Package pdftex.def Info: shear_thick_rheo.png  used on input line 51.
(pdftex.def)             Requested size: 172.79883pt x 122.69542pt.
LaTeX Font Info:    Font shape `T1/ntxtlf/m/n' will be
(Font)              scaled to size 8.73262pt on input line 52.
LaTeX Font Info:    Calculating math sizes for size <8.73262> on input line 52.

LaTeX Font Info:    Font shape `OT1/ntxtlf/m/n' will be
(Font)              scaled to size 8.73262pt on input line 52.
LaTeX Font Info:    Font shape `OT1/ntxtlf/m/n' will be
(Font)              scaled to size 6.37477pt on input line 52.
LaTeX Font Info:    Font shape `OT1/ntxtlf/m/n' will be
(Font)              scaled to size 4.80296pt on input line 52.
LaTeX Font Info:    Font shape `OT1/ntxtlf/b/n' will be
(Font)              scaled to size 8.73262pt on input line 52.
LaTeX Font Info:    Font shape `OT1/ntxtlf/b/n' will be
(Font)              scaled to size 6.37477pt on input line 52.
LaTeX Font Info:    Font shape `OT1/ntxtlf/b/n' will be
(Font)              scaled to size 4.80296pt on input line 52.
LaTeX Font Info:    Font shape `T1/ntxtlf/m/it' will be
(Font)              scaled to size 8.73262pt on input line 52.

Overfull \hbox (1.61096pt too wide) has occurred while \output is active
[] 
 []

[2 <./shear_thin_rheo.png> <./shear_thick_rheo.png>]pdfTeX warning (ext4): dest
ination with the same identifier (name{equation.1.1}) has been already used, du
plicate ignored
<to be read again> 
                   \relax 
l.61 \begin{equation}
                     pdfTeX warning (ext4): destination with the same identifie
r (name{equation.1.1}) has been already used, duplicate ignored
<to be read again> 
                   \relax 
l.61 \begin{equation}
                     pdfTeX warning (ext4): destination with the same identifie
r (name{equation.1.1}) has been already used, duplicate ignored
<to be read again> 
                   \relax 
l.61 \begin{equation}
                     pdfTeX warning (ext4): destination with the same identifie
r (name{equation.1.1}) has been already used, duplicate ignored
<to be read again> 
                   \relax 
l.61 \begin{equation}
                      [3pdfTeX warning (ext4): destination with the same identi
fier (name{equation.1.2}) has been already used, duplicate ignored
<argument> ...shipout:D \box_use:N \l_shipout_box 
                                                  \__shipout_drop_firstpage_...
l.74 
     pdfTeX warning (ext4): destination with the same identifier (name{equation
.1.3}) has been already used, duplicate ignored
<argument> ...shipout:D \box_use:N \l_shipout_box 
                                                  \__shipout_drop_firstpage_...
l.74 
     pdfTeX warning (ext4): destination with the same identifier (name{equation
.1.4}) has been already used, duplicate ignored
<argument> ...shipout:D \box_use:N \l_shipout_box 
                                                  \__shipout_drop_firstpage_...
l.74 
     ]
LaTeX Font Info:    Font shape `T1/ntxtlf/m/n' will be
(Font)              scaled to size 7.84023pt on input line 75.
LaTeX Font Info:    Font shape `T1/ntxtlf/m/n' will be
(Font)              scaled to size 5.90709pt on input line 75.
 [4]
<schem_fixed.png, id=131, 790.955pt x 587.69562pt>
File: schem_fixed.png Graphic file (type png)
<use schem_fixed.png>
Package pdftex.def Info: schem_fixed.png  used on input line 87.
(pdftex.def)             Requested size: 364.79883pt x 271.0517pt.
 [5pdfTeX warning (ext4): destination with the same identifier (name{equation.2
.1}) has been already used, duplicate ignored
<argument> ...shipout:D \box_use:N \l_shipout_box 
                                                  \__shipout_drop_firstpage_...
l.113 \end{align}
                  <./schem_fixed.png>]pdfTeX warning (ext4): destination with t
he same identifier (name{equation.2.2}) has been already used, duplicate ignore
d
<to be read again> 
                   \relax 
l.120 ...ng the substitutions \begin{subequations}
                                                  pdfTeX warning (ext4): destin
ation with the same identifier (name{equation.2.1}) has been already used, dupl
icate ignored
<to be read again> 
                   \relax 
l.121     \begin{equation}
                          pdfTeX warning (ext4): destination with the same iden
tifier (name{equation.2.1}) has been already used, duplicate ignored
<to be read again> 
                   \relax 
l.121     \begin{equation}
                          pdfTeX warning (ext4): destination with the same iden
tifier (name{equation.2.1}) has been already used, duplicate ignored
<to be read again> 
                   \relax 
l.121     \begin{equation}
                          pdfTeX warning (ext4): destination with the same iden
tifier (name{equation.2.1}) has been already used, duplicate ignored
<to be read again> 
                   \relax 
l.121     \begin{equation}
                          pdfTeX warning (ext4): destination with the same iden
tifier (name{equation.2.2}) has been already used, duplicate ignored
<to be read again> 
                   \relax 
l.124     \begin{equation}
                          pdfTeX warning (ext4): destination with the same iden
tifier (name{equation.2.2}) has been already used, duplicate ignored
<to be read again> 
                   \relax 
l.124     \begin{equation}
                          pdfTeX warning (ext4): destination with the same iden
tifier (name{equation.2.2}) has been already used, duplicate ignored
<to be read again> 
                   \relax 
l.124     \begin{equation}
                          pdfTeX warning (ext4): destination with the same iden
tifier (name{equation.2.2}) has been already used, duplicate ignored
<to be read again> 
                   \relax 
l.124     \begin{equation}
                          pdfTeX warning (ext4): destination with the same iden
tifier (name{equation.2.3}) has been already used, duplicate ignored
<to be read again> 
                   \relax 
l.127 ...E for $f_p$ given by \begin{subequations}
                                                   \begin{equation}pdfTeX warni
ng (ext4): destination with the same identifier (name{equation.2.1}) has been a
lready used, duplicate ignored
<to be read again> 
                   \relax 
l.127 ... by \begin{subequations} \begin{equation}
                                                  pdfTeX warning (ext4): destin
ation with the same identifier (name{equation.2.1}) has been already used, dupl
icate ignored
<to be read again> 
                   \relax 
l.127 ... by \begin{subequations} \begin{equation}
                                                  pdfTeX warning (ext4): destin
ation with the same identifier (name{equation.2.1}) has been already used, dupl
icate ignored
<to be read again> 
                   \relax 
l.127 ... by \begin{subequations} \begin{equation}
                                                  pdfTeX warning (ext4): destin
ation with the same identifier (name{equation.2.1}) has been already used, dupl
icate ignored
<to be read again> 
                   \relax 
l.127 ... by \begin{subequations} \begin{equation}
                                                  pdfTeX warning (ext4): destin
ation with the same identifier (name{equation.2.2}) has been already used, dupl
icate ignored
<to be read again> 
                   \relax 
l.128 ...dary-conditions given as \begin{equation}
                                                   f_p(0; \alpha)=0~~~~f_p'(...
pdfTeX warning (ext4): destination with the same identifier (name{equation.2.2}
) has been already used, duplicate ignored
<to be read again> 
                   \relax 
l.128 ...dary-conditions given as \begin{equation}
                                                   f_p(0; \alpha)=0~~~~f_p'(...
pdfTeX warning (ext4): destination with the same identifier (name{equation.2.2}
) has been already used, duplicate ignored
<to be read again> 
                   \relax 
l.128 ...dary-conditions given as \begin{equation}
                                                   f_p(0; \alpha)=0~~~~f_p'(...
pdfTeX warning (ext4): destination with the same identifier (name{equation.2.2}
) has been already used, duplicate ignored
<to be read again> 
                   \relax 
l.128 ...dary-conditions given as \begin{equation}
                                                   f_p(0; \alpha)=0~~~~f_p'(...
pdfTeX warning (ext4): destination with the same identifier (name{equation.2.3}
) has been already used, duplicate ignored
<to be read again> 
                   \relax 
l.128 ...ius}) \end{equation} and \begin{equation}
                                                   f_p(0; \alpha)=0~~~~f_p'(...
pdfTeX warning (ext4): destination with the same identifier (name{equation.2.3}
) has been already used, duplicate ignored
<to be read again> 
                   \relax 
l.128 ...ius}) \end{equation} and \begin{equation}
                                                   f_p(0; \alpha)=0~~~~f_p'(...
pdfTeX warning (ext4): destination with the same identifier (name{equation.2.3}
) has been already used, duplicate ignored
<to be read again> 
                   \relax 
l.128 ...ius}) \end{equation} and \begin{equation}
                                                   f_p(0; \alpha)=0~~~~f_p'(...
pdfTeX warning (ext4): destination with the same identifier (name{equation.2.3}
) has been already used, duplicate ignored
<to be read again> 
                   \relax 
l.128 ...ius}) \end{equation} and \begin{equation}
                                                   f_p(0; \alpha)=0~~~~f_p'(...
pdfTeX warning (ext4): destination with the same identifier (name{equation.2.1}
) has been already used, duplicate ignored
<to be read again> 
                   \relax 
l.128 ... as \begin{subequations} \begin{equation}
                                                  pdfTeX warning (ext4): destin
ation with the same identifier (name{equation.2.1}) has been already used, dupl
icate ignored
<to be read again> 
                   \relax 
l.128 ... as \begin{subequations} \begin{equation}
                                                  pdfTeX warning (ext4): destin
ation with the same identifier (name{equation.2.1}) has been already used, dupl
icate ignored
<to be read again> 
                   \relax 
l.128 ... as \begin{subequations} \begin{equation}
                                                  pdfTeX warning (ext4): destin
ation with the same identifier (name{equation.2.1}) has been already used, dupl
icate ignored
<to be read again> 
                   \relax 
l.128 ... as \begin{subequations} \begin{equation}
                                                  pdfTeX warning (ext4): destin
ation with the same identifier (name{equation.2.2}) has been already used, dupl
icate ignored
<to be read again> 
                   \relax 
l.130 ...utive_equation} to yield \begin{equation}
                                                  pdfTeX warning (ext4): destin
ation with the same identifier (name{equation.2.2}) has been already used, dupl
icate ignored
<to be read again> 
                   \relax 
l.130 ...utive_equation} to yield \begin{equation}
                                                  pdfTeX warning (ext4): destin
ation with the same identifier (name{equation.2.2}) has been already used, dupl
icate ignored
<to be read again> 
                   \relax 
l.130 ...utive_equation} to yield \begin{equation}
                                                  pdfTeX warning (ext4): destin
ation with the same identifier (name{equation.2.2}) has been already used, dupl
icate ignored
<to be read again> 
                   \relax 
l.130 ...utive_equation} to yield \begin{equation}
                                                  
Overfull \hbox (1.61096pt too wide) has occurred while \output is active
[] 
 []

[6pdfTeX warning (ext4): destination with the same identifier (name{equation.2.
4}) has been already used, duplicate ignored
<argument> ...shipout:D \box_use:N \l_shipout_box 
                                                  \__shipout_drop_firstpage_...
l.137 
      pdfTeX warning (ext4): destination with the same identifier (name{equatio
n.2.5}) has been already used, duplicate ignored
<argument> ...shipout:D \box_use:N \l_shipout_box 
                                                  \__shipout_drop_firstpage_...
l.137 
      ]pdfTeX warning (ext4): destination with the same identifier (name{equati
on.2.1}) has been already used, duplicate ignored
<to be read again> 
                   \relax 
l.144     \end{align}
                      \label{carreau_ode_form_full_system} \end{subequations}pd
fTeX warning (ext4): destination with the same identifier (name{equation.2.2}) 
has been already used, duplicate ignored
<to be read again> 
                   \relax 
l.144     \end{align}
                      \label{carreau_ode_form_full_system} \end{subequations}pd
fTeX warning (ext4): destination with the same identifier (name{equation.2.3}) 
has been already used, duplicate ignored
<to be read again> 
                   \relax 
l.144     \end{align}
                      \label{carreau_ode_form_full_system} \end{subequations}
[7]

Package hyperref Warning: Token not allowed in a PDF string (Unicode):
(hyperref)                removing `math shift' on input line 157.


Package hyperref Warning: Token not allowed in a PDF string (Unicode):
(hyperref)                removing `\alpha' on input line 157.


Package hyperref Warning: Token not allowed in a PDF string (Unicode):
(hyperref)                removing `math shift' on input line 157.


Overfull \hbox (1.61096pt too wide) has occurred while \output is active
[] 
 []

[8pdfTeX warning (ext4): destination with the same identifier (name{equation.3.
1}) has been already used, duplicate ignored
<argument> ...shipout:D \box_use:N \l_shipout_box 
                                                  \__shipout_drop_firstpage_...
l.173 
      pdfTeX warning (ext4): destination with the same identifier (name{equatio
n.3.2}) has been already used, duplicate ignored
<argument> ...shipout:D \box_use:N \l_shipout_box 
                                                  \__shipout_drop_firstpage_...
l.173 
      pdfTeX warning (ext4): destination with the same identifier (name{equatio
n.3.3}) has been already used, duplicate ignored
<argument> ...shipout:D \box_use:N \l_shipout_box 
                                                  \__shipout_drop_firstpage_...
l.173 
      ]
Package epstopdf Info: Source file: <fig3.eps>
(epstopdf)                    date: 2026-05-07 08:49:30
(epstopdf)                    size: 554775 bytes
(epstopdf)             Output file: <fig3-eps-converted-to.pdf>
(epstopdf)                    date: 2026-05-07 08:55:17
(epstopdf)                    size: 213799 bytes
(epstopdf)             Command: <repstopdf --outfile=fig3-eps-converted-to.pdf 
fig3.eps>
(epstopdf)             \includegraphics on input line 176.
Package epstopdf Info: Output file is already uptodate.
<fig3-eps-converted-to.pdf, id=227, 927.465pt x 750.805pt>
File: fig3-eps-converted-to.pdf Graphic file (type pdf)
<use fig3-eps-converted-to.pdf>
Package pdftex.def Info: fig3-eps-converted-to.pdf  used on input line 176.
(pdftex.def)             Requested size: 230.40234pt x 186.50932pt.
Package epstopdf Info: Source file: <new_thinning_asymptotic.eps>
(epstopdf)                    date: 2026-05-07 08:49:30
(epstopdf)                    size: 27076 bytes
(epstopdf)             Output file: <new_thinning_asymptotic-eps-converted-to.p
df>
(epstopdf)                    date: 2026-05-07 08:55:17
(epstopdf)                    size: 13592 bytes
(epstopdf)             Command: <repstopdf --outfile=new_thinning_asymptotic-ep
s-converted-to.pdf new_thinning_asymptotic.eps>
(epstopdf)             \includegraphics on input line 185.
Package epstopdf Info: Output file is already uptodate.
<new_thinning_asymptotic-eps-converted-to.pdf, id=237, 582.175pt x 392.46625pt>

File: new_thinning_asymptotic-eps-converted-to.pdf Graphic file (type pdf)
<use new_thinning_asymptotic-eps-converted-to.pdf>
Package pdftex.def Info: new_thinning_asymptotic-eps-converted-to.pdf  used on 
input line 185.
(pdftex.def)             Requested size: 230.40234pt x 155.3189pt.
Package epstopdf Info: Source file: <fig5.eps>
(epstopdf)                    date: 2026-05-07 08:49:30
(epstopdf)                    size: 23943 bytes
(epstopdf)             Output file: <fig5-eps-converted-to.pdf>
(epstopdf)                    date: 2026-05-07 08:55:17
(epstopdf)                    size: 14215 bytes
(epstopdf)             Command: <repstopdf --outfile=fig5-eps-converted-to.pdf 
fig5.eps>
(epstopdf)             \includegraphics on input line 192.
Package epstopdf Info: Output file is already uptodate.
<fig5-eps-converted-to.pdf, id=244, 462.72874pt x 347.2975pt>
File: fig5-eps-converted-to.pdf Graphic file (type pdf)
<use fig5-eps-converted-to.pdf>
Package pdftex.def Info: fig5-eps-converted-to.pdf  used on input line 192.
(pdftex.def)             Requested size: 384.0pt x 288.20915pt.


Package hyperref Warning: Token not allowed in a PDF string (Unicode):
(hyperref)                removing `math shift' on input line 198.


Package hyperref Warning: Token not allowed in a PDF string (Unicode):
(hyperref)                removing `\alpha' on input line 198.


Package hyperref Warning: Token not allowed in a PDF string (Unicode):
(hyperref)                removing `math shift' on input line 198.

LaTeX Font Info:    Trying to load font information for T1+ntxsups on input lin
e 200.
(/usr/share/texlive/texmf-dist/tex/latex/newtx/t1ntxsups.fd
File: t1ntxsups.fd 2015/01/17 v1.0
)
LaTeX Font Info:    Font shape `T1/ntxsups/m/n' will be
(Font)              scaled to size 10.74011pt on input line 200.
LaTeX Font Info:    Font shape `T1/ntxsups/m/n' will be
(Font)              scaled to size 8.73262pt on input line 200.
 [9 <./fig3-eps-converted-to.pdf>] [10 <./new_thinning_asymptotic-eps-converted
-to.pdf> <./fig5-eps-converted-to.pdf>]
Package epstopdf Info: Source file: <fig6.eps>
(epstopdf)                    date: 2026-05-07 08:49:30
(epstopdf)                    size: 133351 bytes
(epstopdf)             Output file: <fig6-eps-converted-to.pdf>
(epstopdf)                    date: 2026-05-07 08:55:18
(epstopdf)                    size: 127217 bytes
(epstopdf)             Command: <repstopdf --outfile=fig6-eps-converted-to.pdf 
fig6.eps>
(epstopdf)             \includegraphics on input line 206.
Package epstopdf Info: Output file is already uptodate.
<fig6-eps-converted-to.pdf, id=345, 927.465pt x 750.805pt>
File: fig6-eps-converted-to.pdf Graphic file (type pdf)
<use fig6-eps-converted-to.pdf>
Package pdftex.def Info: fig6-eps-converted-to.pdf  used on input line 206.
(pdftex.def)             Requested size: 192.0pt x 155.42825pt.
 [11 <./fig6-eps-converted-to.pdf>]
Package epstopdf Info: Source file: <new_thickening_deriv.eps>
(epstopdf)                    date: 2026-05-07 08:49:30
(epstopdf)                    size: 14363 bytes
(epstopdf)             Output file: <new_thickening_deriv-eps-converted-to.pdf>

(epstopdf)                    date: 2026-05-07 08:55:18
(epstopdf)                    size: 9690 bytes
(epstopdf)             Command: <repstopdf --outfile=new_thickening_deriv-eps-c
onverted-to.pdf new_thickening_deriv.eps>
(epstopdf)             \includegraphics on input line 217.
Package epstopdf Info: Output file is already uptodate.
<new_thickening_deriv-eps-converted-to.pdf, id=367, 578.16pt x 397.485pt>
File: new_thickening_deriv-eps-converted-to.pdf Graphic file (type pdf)
<use new_thickening_deriv-eps-converted-to.pdf>
Package pdftex.def Info: new_thickening_deriv-eps-converted-to.pdf  used on inp
ut line 217.
(pdftex.def)             Requested size: 230.40234pt x 158.39679pt.

Overfull \hbox (1.61096pt too wide) has occurred while \output is active
[] 
 []

[12 <./new_thickening_deriv-eps-converted-to.pdf>]
Package epstopdf Info: Source file: <new_shear.eps>
(epstopdf)                    date: 2026-05-07 08:49:30
(epstopdf)                    size: 71345 bytes
(epstopdf)             Output file: <new_shear-eps-converted-to.pdf>
(epstopdf)                    date: 2026-05-07 08:55:18
(epstopdf)                    size: 21422 bytes
(epstopdf)             Command: <repstopdf --outfile=new_shear-eps-converted-to
.pdf new_shear.eps>
(epstopdf)             \includegraphics on input line 240.
Package epstopdf Info: Output file is already uptodate.
<new_shear-eps-converted-to.pdf, id=410, 1011.78pt x 433.62pt>
File: new_shear-eps-converted-to.pdf Graphic file (type pdf)
<use new_shear-eps-converted-to.pdf>
Package pdftex.def Info: new_shear-eps-converted-to.pdf  used on input line 240
.
(pdftex.def)             Requested size: 345.59766pt x 148.11696pt.
Package epstopdf Info: Source file: <new_shear_blas.eps>
(epstopdf)                    date: 2026-05-07 08:49:30
(epstopdf)                    size: 56417 bytes
(epstopdf)             Output file: <new_shear_blas-eps-converted-to.pdf>
(epstopdf)                    date: 2026-05-07 08:55:18
(epstopdf)                    size: 20455 bytes
(epstopdf)             Command: <repstopdf --outfile=new_shear_blas-eps-convert
ed-to.pdf new_shear_blas.eps>
(epstopdf)             \includegraphics on input line 241.
Package epstopdf Info: Output file is already uptodate.
<new_shear_blas-eps-converted-to.pdf, id=411, 1011.78pt x 433.62pt>
File: new_shear_blas-eps-converted-to.pdf Graphic file (type pdf)
<use new_shear_blas-eps-converted-to.pdf>
Package pdftex.def Info: new_shear_blas-eps-converted-to.pdf  used on input lin
e 241.
(pdftex.def)             Requested size: 345.59766pt x 148.11696pt.
 [13 <./new_shear-eps-converted-to.pdf> <./new_shear_blas-eps-converted-to.pdf>
]
Package epstopdf Info: Source file: <rel_err.eps>
(epstopdf)                    date: 2026-05-07 08:49:30
(epstopdf)                    size: 24020 bytes
(epstopdf)             Output file: <rel_err-eps-converted-to.pdf>
(epstopdf)                    date: 2026-05-07 08:55:18
(epstopdf)                    size: 12207 bytes
(epstopdf)             Command: <repstopdf --outfile=rel_err-eps-converted-to.p
df rel_err.eps>
(epstopdf)             \includegraphics on input line 258.
Package epstopdf Info: Output file is already uptodate.
<rel_err-eps-converted-to.pdf, id=517, 538.01pt x 314.17375pt>
File: rel_err-eps-converted-to.pdf Graphic file (type pdf)
<use rel_err-eps-converted-to.pdf>
Package pdftex.def Info: rel_err-eps-converted-to.pdf  used on input line 258.
(pdftex.def)             Requested size: 307.20117pt x 179.39249pt.
Package epstopdf Info: Source file: <fig7.eps>
(epstopdf)                    date: 2026-05-07 08:49:30
(epstopdf)                    size: 20322 bytes
(epstopdf)             Output file: <fig7-eps-converted-to.pdf>
(epstopdf)                    date: 2026-05-07 08:55:19
(epstopdf)                    size: 12621 bytes
(epstopdf)             Command: <repstopdf --outfile=fig7-eps-converted-to.pdf 
fig7.eps>
(epstopdf)             \includegraphics on input line 265.
Package epstopdf Info: Output file is already uptodate.
<fig7-eps-converted-to.pdf, id=518, 497.86pt x 354.32375pt>
File: fig7-eps-converted-to.pdf Graphic file (type pdf)
<use fig7-eps-converted-to.pdf>
Package pdftex.def Info: fig7-eps-converted-to.pdf  used on input line 265.
(pdftex.def)             Requested size: 307.20117pt x 218.63498pt.

Overfull \hbox (1.61096pt too wide) has occurred while \output is active
[] 
 []

[14] [15 <./rel_err-eps-converted-to.pdf> <./fig7-eps-converted-to.pdf>]
Package epstopdf Info: Source file: <new_profiles_blas.eps>
(epstopdf)                    date: 2026-05-07 08:49:30
(epstopdf)                    size: 72464 bytes
(epstopdf)             Output file: <new_profiles_blas-eps-converted-to.pdf>
(epstopdf)                    date: 2026-05-07 08:55:19
(epstopdf)                    size: 24617 bytes
(epstopdf)             Command: <repstopdf --outfile=new_profiles_blas-eps-conv
erted-to.pdf new_profiles_blas.eps>
(epstopdf)             \includegraphics on input line 280.
Package epstopdf Info: Output file is already uptodate.
<new_profiles_blas-eps-converted-to.pdf, id=603, 1156.32pt x 794.97pt>
File: new_profiles_blas-eps-converted-to.pdf Graphic file (type pdf)
<use new_profiles_blas-eps-converted-to.pdf>
Package pdftex.def Info: new_profiles_blas-eps-converted-to.pdf  used on input 
line 280.
(pdftex.def)             Requested size: 307.20117pt x 211.19977pt.
Package epstopdf Info: Source file: <new_profiles.eps>
(epstopdf)                    date: 2026-05-07 08:49:30
(epstopdf)                    size: 70121 bytes
(epstopdf)             Output file: <new_profiles-eps-converted-to.pdf>
(epstopdf)                    date: 2026-05-07 08:55:19
(epstopdf)                    size: 21744 bytes
(epstopdf)             Command: <repstopdf --outfile=new_profiles-eps-converted
-to.pdf new_profiles.eps>
(epstopdf)             \includegraphics on input line 281.
Package epstopdf Info: Output file is already uptodate.
<new_profiles-eps-converted-to.pdf, id=604, 1156.32pt x 794.97pt>
File: new_profiles-eps-converted-to.pdf Graphic file (type pdf)
<use new_profiles-eps-converted-to.pdf>
Package pdftex.def Info: new_profiles-eps-converted-to.pdf  used on input line 
281.
(pdftex.def)             Requested size: 307.20117pt x 211.19977pt.

Overfull \hbox (1.61096pt too wide) has occurred while \output is active
[] 
 []

[16 <./new_profiles_blas-eps-converted-to.pdf> <./new_profiles-eps-converted-to
.pdf>] [17]
Underfull \vbox (badness 10000) has occurred while \output is active []


Overfull \hbox (1.61096pt too wide) has occurred while \output is active
[] 
 []

[18] (./main.bbl
LaTeX Font Info:    Font shape `T1/ntxtlf/m/n' will be
(Font)              scaled to size 8.73pt on input line 1.
LaTeX Font Info:    Font shape `T1/ntxtlf/m/n' will be
(Font)              scaled to size 7.0pt on input line 1.
LaTeX Font Info:    Font shape `T1/ntxtlf/m/sc' will be
(Font)              scaled to size 8.73pt on input line 8.
LaTeX Font Info:    Font shape `T1/ntxtlf/m/it' will be
(Font)              scaled to size 8.73pt on input line 10.
LaTeX Font Info:    Font shape `T1/ntxtlf/b/n' will be
(Font)              scaled to size 8.73pt on input line 11.

Underfull \hbox (badness 10000) in paragraph at lines 37--41
[]\T1/ntxtlf/m/sc/8.73 Blake, Ter-ence D., Clarke, An-drew & Ruschak, Ken-neth 
J. \T1/ntxtlf/m/n/8.73 1994
 []


Underfull \hbox (badness 10000) in paragraph at lines 37--41
\T1/ntxtlf/m/n/8.73 Hy-dro-dy-namic as-sist of dy-namic wet-ting. \T1/ntxtlf/m/
it/8.73 AIChE Jour-nal \T1/ntxtlf/b/n/8.73 40 \T1/ntxtlf/m/n/8.73 (2), 229--242
, arXiv:
 []

) [19] (./main.aux) ) 
Here is how much of TeX's memory you used:
 18344 strings out of 478287
 285009 string characters out of 5849290
 568281 words of memory out of 5000000
 36099 multiletter control sequences out of 15000+600000
 653757 words of font info for 280 fonts, out of 8000000 for 9000
 1141 hyphenation exceptions out of 8191
 84i,13n,131p,1789b,518s stack positions out of 5000i,500n,10000p,200000b,80000s
{/usr/share/texlive/texmf-dist/fonts/enc/dvips/newtx/ntx-e
c-tlf-pc.enc}{/usr/share/texlive/texmf-dist/fonts/enc/dvips/newtx/ntxsups_t1.en
c}{/usr/share/texlive/texmf-dist/fonts/enc/dvips/newtx/ntx-ot1-tlf.enc}{/usr/sh
are/texlive/texmf-dist/fonts/enc/dvips/newtx/ntx-ec-tlf.enc}</usr/share/texlive
/texmf-dist/fonts/type1/public/newtx/NewTXBMI.pfb></usr/share/texlive/texmf-dis
t/fonts/type1/public/newtx/NewTXMI.pfb></usr/share/texlive/texmf-dist/fonts/typ
e1/public/newtx/NewTXMI5.pfb></usr/share/texlive/texmf-dist/fonts/type1/public/
newtx/NewTXMI7.pfb></usr/share/texlive/texmf-dist/fonts/type1/public/newtx/ntxs
ups-Regular.pfb></usr/share/texlive/texmf-dist/fonts/type1/public/newtx/txexs.p
fb></usr/share/texlive/texmf-dist/fonts/type1/public/newtx/txmiaX.pfb></usr/sha
re/texlive/texmf-dist/fonts/type1/public/newtx/txsys.pfb></usr/share/texlive/te
xmf-dist/fonts/type1/public/newtx/ztmb.pfb></usr/share/texlive/texmf-dist/fonts
/type1/public/newtx/ztmr.pfb></usr/share/texlive/texmf-dist/fonts/type1/public/
newtx/ztmri.pfb>
Output written on main.pdf (19 pages, 880743 bytes).
PDF statistics:
 854 PDF objects out of 1000 (max. 8388607)
 517 compressed objects within 6 object streams
 94 named destinations out of 1000 (max. 500000)
 183 words of extra memory for PDF output out of 10000 (max. 10000000)

